This is pdfTeX, Version 3.141592653-2.6-1.40.25 (TeX Live 2023/Debian) (preloaded format=pdflatex 2024.11.9)  27 MAR 2025 20:18
entering extended mode
 restricted \write18 enabled.
 %&-line parsing enabled.
**&pdflatex prv_classical_mechanics.ini \nonstopmode\nofiles\PassOptionsToPackage{active,tightpage,auctex}{preview}\AtBeginDocument{\ifx\ifPreview\undefined\RequirePackage[displaymath,floats,graphics,textmath,sections,footnotes]{preview}[2004/11/05]\fi} \input \detokenize{ classical_mechanics.tex }
(./prv_classical_mechanics.ini
LaTeX2e <2023-11-01> patch level 1
L3 programming layer <2024-01-22>
(/usr/share/texlive/texmf-dist/tex/latex/mylatex/mylatex.ltx)) (/usr/share/texlive/texmf-dist/tex/latex/tools/.tex File ignored)
No auxiliary output files.

(./classical_mechanics.tex (/usr/share/texlive/texmf-dist/tex/latex/base/article.cls
Document Class: article 2023/05/17 v1.4n Standard LaTeX document class
(/usr/share/texlive/texmf-dist/tex/latex/base/size10.clo
File: size10.clo 2023/05/17 v1.4n Standard LaTeX file (size option)
)
\c@part=\count187
\c@section=\count188
\c@subsection=\count189
\c@subsubsection=\count190
\c@paragraph=\count191
\c@subparagraph=\count192
\c@figure=\count193
\c@table=\count194
\abovecaptionskip=\skip48
\belowcaptionskip=\skip49
\bibindent=\dimen140
)
LaTeX Font Info:    External font `cmex10' loaded for size
(Font)              <7> on input line 3.
LaTeX Font Info:    External font `cmex10' loaded for size
(Font)              <5> on input line 3.
 )
Beginning to dump on file prv_classical_mechanics.fmt
 (preloaded format=prv_classical_mechanics 2025.3.27)
26047 strings of total length 504966
1922252 memory locations dumped; current usage is 275&367147
22597 multiletter control sequences
\font\nullfont=nullfont
\font\c__fp_exp_intarray=cmr10 at 0.00002pt
\font\c__fp_trig_intarray=cmr10 at 0.00003pt
\font\c_initex_cctab=cmr10 at 0.00005pt
\font\c_other_cctab=cmr10 at 0.00006pt
\font\c_str_cctab=cmr10 at 0.00008pt
\font\g_tmpa_cctab=cmr10 at 0.00009pt
\font\g_tmpb_cctab=cmr10 at 0.0001pt
\font\g__regex_state_active_intarray=cmr10 at 0.00012pt
\font\g__regex_thread_info_intarray=cmr10 at 0.00014pt
\font\g__regex_submatch_prev_intarray=cmr10 at 0.00015pt
\font\g__regex_submatch_begin_intarray=cmr10 at 0.00017pt
\font\g__regex_submatch_end_intarray=cmr10 at 0.00018pt
\font\g__regex_submatch_case_intarray=cmr10 at 0.0002pt
\font\g__regex_balance_intarray=cmr10 at 0.00021pt
\font\g__codepoint_category_index_intarray=cmr10 at 0.00023pt
\font\g__codepoint_uppercase_index_intarray=cmr10 at 0.00024pt
\font\g__codepoint_lowercase_index_intarray=cmr10 at 0.00026pt
\font\g__codepoint_category_blocks_intarray=cmr10 at 0.00027pt
\font\g__codepoint_uppercase_blocks_intarray=cmr10 at 0.00029pt
\font\g__codepoint_lowercase_blocks_intarray=cmr10 at 0.0003pt
\font\OMX/cmex/m/n/5=cmex10
\font\tenln=line10
\font\tenlnw=linew10
\font\tencirc=lcircle10
\font\tencircw=lcirclew10
\font\OT1/cmr/m/n/5=cmr5
\font\OT1/cmr/m/n/7=cmr7
\font\OT1/cmr/m/n/10=cmr10
\font\OML/cmm/m/it/5=cmmi5
\font\OML/cmm/m/it/7=cmmi7
\font\OML/cmm/m/it/10=cmmi10
\font\OMS/cmsy/m/n/5=cmsy5
\font\OMS/cmsy/m/n/7=cmsy7
\font\OMS/cmsy/m/n/10=cmsy10
\font\c_code_cctab=cmr10 at 0.00032pt
\font\c_document_cctab=cmr10 at 0.00034pt
\font\OT1/cmr/m/n/12=cmr12
\font\OT1/cmr/m/n/8=cmr8
\font\OT1/cmr/bx/n/10=cmbx10
\font\OT1/cmr/bx/it/10=cmbxti10
\font\OT1/cmr/m/it/10=cmti10
\font\OT1/cmtt/m/n/10=cmtt10
\font\OT1/cmss/m/n/10=cmss10
560145 words of font info for 43 preloaded fonts
1141 hyphenation exceptions
Hyphenation trie of length 429882 has 8835 ops out of 35111
  62 for language 88
  38 for language 87
  127 for language 86
  206 for language 85
  235 for language 84
  31 for language 83
  21 for language 82
  147 for language 81
  76 for language 80
  420 for language 79
  27 for language 77
  21 for language 75
  248 for language 73
  148 for language 72
  89 for language 71
  3 for language 70
  60 for language 68
  143 for language 67
  229 for language 65
  43 for language 63
  36 for language 62
  216 for language 61
  195 for language 60
  137 for language 59
  224 for language 58
  145 for language 57
  19 for language 56
  207 for language 55
  50 for language 53
  852 for language 51
  440 for language 49
  23 for language 48
  7 for language 47
  38 for language 46
  852 for language 44
  113 for language 43
  21 for language 42
  12 for language 41
  66 for language 39
  97 for language 37
  110 for language 36
  39 for language 35
  440 for language 34
  63 for language 31
  5 for language 30
  58 for language 28
  377 for language 27
  77 for language 26
  194 for language 25
  18 for language 24
  14 for language 23
  40 for language 22
  58 for language 21
  54 for language 20
  38 for language 19
  265 for language 18
  6 for language 17
  185 for language 16
  138 for language 15
  7 for language 14
  119 for language 11
  37 for language 10
  71 for language 9
  37 for language 8
  25 for language 7
  53 for language 6
  2 for language 1
  181 for language 0
0 words of pdfTeX memory
0 indirect objects
No pages of output.
PDF statistics:
 0 PDF objects out of 1000 (max. 8388607)
 0 named destinations out of 1000 (max. 500000)
 1 words of extra memory for PDF output out of 10000 (max. 10000000)

